[35m[Appium][39m Welcome to Appium v1.22.3
[35m[Appium][39m Non-default server args:
[35m[Appium][39m   port: 49796
[35m[Appium][39m   loglevel: info
[35m[Appium][39m   tmpDir: /var/folders/c8/08zyl1dd5qbg73kkkz94c_gw0000gp/T//Katalon/Appium/Temp1671164134043
[35m[Appium][39m   chromedriverPort: 49797
[35m[Appium][39m Deprecated server args:
[35m[Appium][39m   [31m--chromedriver-port[39m => --default-capabilities
[35m[Appium][39m Default capabilities, which will be added to each request unless overridden by desired capabilities:
[35m[Appium][39m   chromedriverPort: 49797
[35m[Appium][39m Appium REST http interface listener started on 0.0.0.0:49796
[35m[HTTP][39m [37m-->[39m [37mGET[39m [37m/wd/hub/status[39m
[35m[HTTP][39m [90m{}[39m
[35m[HTTP][39m [37m<-- GET /wd/hub/status [39m[32m200[39m [90m11 ms - 68[39m
[35m[HTTP][39m [90m[39m
[35m[HTTP][39m [37m-->[39m [37mGET[39m [37m/wd/hub/status[39m
[35m[HTTP][39m [90m{}[39m
[35m[HTTP][39m [37m<-- GET /wd/hub/status [39m[32m200[39m [90m2 ms - 68[39m
[35m[HTTP][39m [90m[39m
[35m[HTTP][39m [37m-->[39m [37mPOST[39m [37m/wd/hub/session[39m
[35m[HTTP][39m [90m{"desiredCapabilities":{"app":"/Users/khang.dang/Desktop/98.apk","noReset":true,"appWaitActivity":"*","deviceId":"emulator-5554","deviceName":"emulator-5554 (sdk_gphone_x86 - Android 11)","fullReset":false,"platform":"ANDROID","appWaitDuration":30000,"newCommandTimeout":1800,"platformVersion":"11","automationName":"uiautomator2","autoGrantPermissions":true,"platformName":"Android","udid":"emulator-5554","systemPort":49819},"capabilities":{"firstMatch":[{"appium:app":"/Users/khang.dang/Desktop/98.apk","appium:appWaitActivity":"*","appium:appWaitDuration":30000,"appium:autoGrantPermissions":true,"appium:automationName":"uiautomator2","deviceId":"emulator-5554","appium:deviceName":"emulator-5554 (sdk_gphone_x86 - Android 11)","appium:fullReset":false,"appium:newCommandTimeout":1800,"appium:noReset":true,"platform":"ANDROID","platformName":"android","appium:platformVersion":"11","appium:systemPort":49819,"appium:udid":"emulator-5554"}]}}[39m
[35m[BaseDriver][39m The following capabilities are not standard capabilities and should have an extension prefix:
[35m[BaseDriver][39m   deviceId
[35m[BaseDriver][39m   platform
[35m[BaseDriver][39m   chromedriverPort
[35m[Appium][39m Appium v1.22.3 creating new AndroidUiautomator2Driver (v1.70.1) session
[35m[BaseDriver][39m The following capabilities were provided, but are not recognized by Appium:
[35m[BaseDriver][39m   deviceId
[35m[BaseDriver][39m   platform
[35m[BaseDriver][39m Session created with session id: 26877fd9-a1e3-4388-88b8-c69e6f82cd74
[35m[BaseDriver][39m Using local app '/Users/khang.dang/Desktop/98.apk'
[35m[ADB][39m Found 1 'build-tools' folders under '/Users/khang.dang/.katalon/tools/android_sdk' (newest first):
[35m[ADB][39m     /Users/khang.dang/.katalon/tools/android_sdk/build-tools/29.0.3
[35m[ADB][39m Using 'adb' from '/Users/khang.dang/.katalon/tools/android_sdk/platform-tools/adb'
[35m[AndroidDriver][39m Retrieving device list
[35m[AndroidDriver][39m Using device: emulator-5554
[35m[ADB][39m Using 'adb' from '/Users/khang.dang/.katalon/tools/android_sdk/platform-tools/adb'
[35m[ADB][39m Getting device platform version
[35m[UiAutomator2][39m Relaxing hidden api policy
[35m[ADB][39m Package name: 'com.dbo.newdboindonesiahd'
[35m[ADB][39m Main activity name: 'com.dbo.newdboindonesiahd.MainActivity'
[35m[UiAutomator2][39m Server package at '/usr/local/lib/node_modules/appium/node_modules/appium-uiautomator2-server/apks/appium-uiautomator2-server-debug-androidTest.apk' is not writeable. Will copy it into the temporary location at '/var/folders/c8/08zyl1dd5qbg73kkkz94c_gw0000gp/T/Katalon/Appium/Temp1671164134043/20221116-36162-1ulc540.cy6u' as a workaround. Consider making this file writeable manually in order to improve the performance of session startup.
[35m[UiAutomator2][39m Server package at '/usr/local/lib/node_modules/appium/node_modules/appium-uiautomator2-server/apks/appium-uiautomator2-server-v4.27.0.apk' is not writeable. Will copy it into the temporary location at '/var/folders/c8/08zyl1dd5qbg73kkkz94c_gw0000gp/T/Katalon/Appium/Temp1671164134043/20221116-36162-1ulc540.cy6u' as a workaround. Consider making this file writeable manually in order to improve the performance of session startup.
[35m[ADB][39m Using 'apksigner.jar' from '/Users/khang.dang/.katalon/tools/android_sdk/build-tools/29.0.3/lib/apksigner.jar'
[35m[ADB][39m '/var/folders/c8/08zyl1dd5qbg73kkkz94c_gw0000gp/T/Katalon/Appium/Temp1671164134043/20221116-36162-1ulc540.cy6u/appium-uiautomator2-server-v4.27.0.apk' is signed with the default certificate
[35m[ADB][39m '/var/folders/c8/08zyl1dd5qbg73kkkz94c_gw0000gp/T/Katalon/Appium/Temp1671164134043/20221116-36162-1ulc540.cy6u/appium-uiautomator2-server-debug-androidTest.apk' is signed with the default certificate
[35m[UiAutomator2][39m Server packages are not going to be (re)installed
[35m[ADB][39m Adding packages ["io.appium.settings","io.appium.uiautomator2.server","io.appium.uiautomator2.server.test"] to Doze whitelist
[35m[ADB][39m '/Users/khang.dang/Desktop/98.apk' is signed with a non-default certificate
[35m[ADB][39m The application at '/Users/khang.dang/Desktop/98.apk' will not be cached, because the device under test has confirmed the support of streamed installs
[35m[ADB][39m The installation of '98.apk' took 22623ms
[35m[UiAutomator2][39m Starting UIAutomator2 server 4.27.0
[35m[UiAutomator2][39m Using UIAutomator2 server from '/usr/local/lib/node_modules/appium/node_modules/appium-uiautomator2-server/apks/appium-uiautomator2-server-v4.27.0.apk' and test from '/usr/local/lib/node_modules/appium/node_modules/appium-uiautomator2-server/apks/appium-uiautomator2-server-debug-androidTest.apk'
[35m[UiAut[35m[Appium][39m Received SIGTERM - shutting down
 to be online...
[35m[WD Proxy][39m socket hang up
[35m[WD Proxy][39m socket hang up
[35m[WD Proxy][39m socket hang up
[35m[WD Proxy][39m socket hang up
[35m[WD Proxy][39m socket hang up
[35m[WD Proxy][39m socket hang up
[35m[WD Proxy][39m socket hang up
[35m[WD Proxy][39m Determined the downstream protocol as 'W3C'
[35m[AndroidDriver][39m Screen already unlocked, doing nothing
[35m[UiAutomator2][39m Starting 'com.dbo.newdboindonesiahd/com.dbo.newdboindonesiahd.MainActivity and waiting for 'com.dbo.newdboindonesiahd/*'
[35m[Appium][39m New AndroidUiautomator2Driver session created successfully, session 26877fd9-a1e3-4388-88b8-c69e6f82cd74 added to master session list
[35m[HTTP][39m [37m[35m[Appium][39m Received SIGTERM - shutting down
ed SIGTERM - shutting down
[35m[Appium][39m Received SIGTERM - shutting down
37mGET[39m [37m/wd/hub/session/26877fd9-a1e3-4388-88b8-c69e6f82cd74[39m
[35m[HTTP][39m [90m{}[39m
[35m[HTTP][39m [37m<-- GET /wd/hub/session/26877fd9-a1e3-4388-88b8-c69e6f82cd74 [39m[32m200[39m [90m59 ms - 1353[39m
[35m[HTTP][39m [90m[39m
[35m[HTTP][39m [37m-->[39m [37mGET[39m [37m/wd/hub/session/26877fd9-a1e3-4388-88b8-c69e6f82cd74[39m
[35m[HTTP][39m [90m{}[39m
[35m[HTTP][39m [37m<-- GET /wd/hub/session/26877fd9-a1e3-4388-88b8-c69e6f82cd74 [39m[32m200[39m [90m84 ms - 1353[39m
[35m[HTTP][39m [90m[39m
[35m[HTTP][39m [37m-->[39m [37mGET[39m [37m/wd/hub/status[39m
[35m[HT[35m[Appium][39m Received SIGTERM - shutting down
/wd/hub/status [39m[32m200[39m [90m4 ms - 68[39m
[35m[HTTP][39m [90m[39m
[35m[HTTP][39m [37m-->[39m [37mPOST[39m [37m/wd/hub/session/26877fd9-a1e3-4388-88b8-c69e6f82cd74/timeouts[39m
[35m[HTTP][39m [90m{"implicit":60000}[39m
[35m[HTTP][39m [37m<-- POST /wd/hub/session/26877fd9-a1e3-4388-88b8-c69e6f82cd74/timeouts [39m[32m200[39m [90m8 ms - 14[39m
[35m[HTTP][39m [90m[39m
[35m[HTTP][39m [37m-->[39m [37mGET[39m [37m/wd/hub/session/26877fd9-a1e3-4388-88b8-c69e6f82cd74/source[39m
[35m[HTTP][39m [90m{}[39m
[35m[W3C (26877fd9)][39m Driver proxy active, passing request on via HTTP proxy
[35m[WD Proxy][39m Replacing sessionId aaa37514-66da-401d-918b-188d69a0ea53 with 26877fd9-a1e3-4388-88b8-c69e6f82cd74
[35m[HTTP][39m [37m<-- GET /wd/hub/session/26877fd9-a1e3-4388-88b8-c69e6f82cd74/source [39m[32m200[39m [90m305 ms - 5399[39m
[35m[HTTP][39m [90m[39m
[35m[HTTP][39m [37m-->[39m [37mGET[39m [37m/wd/hub/session/26877fd9-a1e3-4388-88b8-c69e6f82cd74/screenshot[39m
[35m[HTTP][39m [90m{}[39m
[35m[HTTP][39m [37m<-- GET /wd/hub/session/26877fd9-a1e3-4388-88b8-c69e6f82cd74/screenshot [39m[32m200[39m [90m1037 ms - 76408[39m
[35m[HTTP][39m [90m[39m
[35m[HTTP][39m [37m-->[39m [37mDELETE[39m [37m/wd/hub/session/26877fd9-a1e3-4388-88b8-c69e6f82cd74[39m
[35m[HTTP][39m [90m{}[39m
[35m[Appium][39m Removing session 26877fd9-a1e3-4388-88b8-c69e6f82cd74 from our master session list
[35m[UiAutomator2][39m Restoring hidden api policy to the device default configuration
[35m[HTTP][39m [37m<-- DELETE /wd/hub/session/26877fd9-a1e3-4388-88b8-c69e6f82cd74 [39m[32m200[39m [90m407 ms - 14[39m
[35m[HTTP][39m [90m[39m
